=======執行時間: 2018-01-23 12:31:22.411048=======
輸入帳號中...
輸入密碼中...
資訊頁面，按任意鍵繼續...
----------------------------------------------
------------------ 登入完成 ------------------
----------------------------------------------
進入休閒聊天區中...
查詢網友中...
輸入網友ID中...
已取得上線紀錄 上線時間:2018-01-23 09:20:13 ip:223.136.9.192
進入線上使用者列表...
準備水球中...
訊息:digforapples 上線: 01/23 09:20 ISP: 中華電信
水球發送完成
使用者已變更上線紀錄
登出中...
----------------------------------------------
------------------ 登出完成 ------------------
----------------------------------------------
